#
# A fatal error has been detected by the Java Runtime Environment:
#
#  EXCEPTION_ACCESS_VIOLATION (0xc0000005) at pc=0x00007ff9a51b1168, pid=11012, tid=3932
#
# JRE version: OpenJDK Runtime Environment Temurin-17.0.7+7 (17.0.7+7) (build 17.0.7+7)
# Java VM: OpenJDK 64-Bit Server VM Temurin-17.0.7+7 (17.0.7+7, mixed mode, sharing, tiered, compressed oops, compressed class ptrs, parallel gc, windows-amd64)
# Problematic frame:
# V  [jvm.dll+0x681168]
#
# No core dump will be written. Minidumps are not enabled by default on client versions of Windows
#
# If you would like to submit a bug report, please visit:
#   https://github.com/adoptium/adoptium-support/issues
#

---------------  S U M M A R Y ------------

Command Line: --add-modules=ALL-SYSTEM --add-opens=java.base/java.util=ALL-UNNAMED --add-opens=java.base/java.lang=ALL-UNNAMED --add-opens=java.base/sun.nio.fs=ALL-UNNAMED -Declipse.application=org.eclipse.jdt.ls.core.id1 -Dosgi.bundles.defaultStartLevel=4 -Declipse.product=org.eclipse.jdt.ls.core.product -Djava.import.generatesMetadataFilesAtProjectRoot=false -Dfile.encoding=utf8 -XX:+UseParallelGC -XX:GCTimeRatio=4 -XX:AdaptiveSizePolicyWeight=90 -Dsun.zip.disableMemoryMapping=true -Xmx1G -Xms100m -Xlog:disable -javaagent:c:\Users\chaws\.vscode\extensions\redhat.java-1.20.0-win32-x64\lombok\lombok-1.18.28.jar -XX:+HeapDumpOnOutOfMemoryError -XX:HeapDumpPath=c:\Users\chaws\AppData\Roaming\Code\User\workspaceStorage\73c6d07d43c7783e0edb1a5cb83dd4db\redhat.java -Daether.dependencyCollector.impl=bf c:\Users\chaws\.vscode\extensions\redhat.java-1.20.0-win32-x64\server\plugins\org.eclipse.equinox.launcher_1.6.500.v20230622-2056.jar -configuration c:\Users\chaws\AppData\Roaming\Code\User\globalStorage\redhat.java\1.20.0\config_win -data c:\Users\chaws\AppData\Roaming\Code\User\workspaceStorage\73c6d07d43c7783e0edb1a5cb83dd4db\redhat.java\jdt_ws

Host: 12th Gen Intel(R) Core(TM) i9-12900K, 24 cores, 63G,  Windows 11 , 64 bit Build 22621 (10.0.22621.1928)
Time: Sat Jul 22 16:59:35 2023 Pacific Daylight Time elapsed time: 11354.495266 seconds (0d 3h 9m 14s)

---------------  T H R E A D  ---------------

Current thread (0x000001d0da370440):  GCTaskThread "GC Thread#12" [stack: 0x00000043b2900000,0x00000043b2a00000] [id=3932]

Stack: [0x00000043b2900000,0x00000043b2a00000],  sp=0x00000043b29ff338,  free space=1020k
Native frames: (J=compiled Java code, j=interpreted, Vv=VM code, C=native code)
V  [jvm.dll+0x681168]


siginfo: EXCEPTION_ACCESS_VIOLATION (0xc0000005), reading address 0x000001d0fb0eb288


Register to memory mapping:

RIP=0x00007ff9a51b1168 jvm.dll
RAX=0x0000000005987651 is an unknown value
RBX=0x000000000598764e is an unknown value
RCX=0x0000000000000011 is an unknown value
RDX=0x0000000005987651 is an unknown value
RSP=0x00000043b29ff338 points into unknown readable memory: 0x00007ff9a51b17fb | fb 17 1b a5 f9 7f 00 00
RBP=0x0000000005987673 is an unknown value
RSI=0x0000000005987680 is an unknown value
RDI=0x0000000000000050 is an unknown value
R8 =0x0000000005987680 is an unknown value
R9 =0x0000000005987680 is an unknown value
R10=0x000001d0ce4b0000 points into unknown readable memory: 0x0000000000000249 | 49 02 00 00 00 00 00 00
R11=0x000001d0b7a3f660 points into unknown readable memory: 0x000001d0b55e0150 | 50 01 5e b5 d0 01 00 00
R12=0x0000000005550000 is an unknown value
R13=0x00007ff9a56b5300 jvm.dll
R14=0x00007ff9a56b52c0 jvm.dll
R15=0x000001d0b771dfc0 points into unknown readable memory: 0x00000000ecc00000 | 00 00 c0 ec 00 00 00 00


Registers:
RAX=0x0000000005987651, RBX=0x000000000598764e, RCX=0x0000000000000011, RDX=0x0000000005987651
RSP=0x00000043b29ff338, RBP=0x0000000005987673, RSI=0x0000000005987680, RDI=0x0000000000000050
R8 =0x0000000005987680, R9 =0x0000000005987680, R10=0x000001d0ce4b0000, R11=0x000001d0b7a3f660
R12=0x0000000005550000, R13=0x00007ff9a56b5300, R14=0x00007ff9a56b52c0, R15=0x000001d0b771dfc0
RIP=0x00007ff9a51b1168, EFLAGS=0x0000000000010206

Top of Stack: (sp=0x00000043b29ff338)
0x00000043b29ff338:   00007ff9a51b17fb 000042f9976ca48a
0x00000043b29ff348:   0000000000000f5c 000001d0b771dfc0
0x00000043b29ff358:   00000000eaa90c00 000001d0b771dfc0
0x00000043b29ff368:   00000000eaaa4400 000001d0b7a3f660
0x00000043b29ff378:   00007ff9a51b173f 00000000ecc3b398
0x00000043b29ff388:   00000000ecc3b000 00000000ea1545d8
0x00000043b29ff398:   00007ff9a51dd68a 00000000ecc00000
0x00000043b29ff3a8:   00007ff9a51dd68a 00000000ea1545d8
0x00000043b29ff3b8:   0000000000007601 00000000ecc3b398
0x00000043b29ff3c8:   0000000000010000 0000000800061378
0x00000043b29ff3d8:   00000000e9fe8320 000000080000ec08
0x00000043b29ff3e8:   00000000ea153028 00000043b29ff580
0x00000043b29ff3f8:   00007ff9a56b52c0 0000000005550000
0x00000043b29ff408:   00000000ecc3b398 00000043b29ff470
0x00000043b29ff418:   00007ff9a51d94bb 00000000ecc00000
0x00000043b29ff428:   000001d0b771d250 000001d0b7a3f660 

Instructions: (pc=0x00007ff9a51b1168)
0x00007ff9a51b1068:   00 48 ff c1 48 83 c0 08 48 3b ca 7c eb 49 8b 5d
0x00007ff9a51b1078:   00 41 8b c2 80 3c 18 00 75 05 e8 f9 de 20 00 8b
0x00007ff9a51b1088:   c6 48 8b 0c 18 48 8b 99 30 02 00 00 48 8b 4f 10
0x00007ff9a51b1098:   48 8b 73 10 48 8b 6b 18 4c 8b 73 20 4c 8b 7b 28
0x00007ff9a51b10a8:   e8 03 15 12 00 48 8b d0 48 8d 0d 99 9a 32 00 e8
0x00007ff9a51b10b8:   b4 62 d0 ff 48 83 3e 00 74 13 49 8b d7 48 8b cb
0x00007ff9a51b10c8:   e8 73 b7 a2 ff 48 8b ce e8 4b b7 a2 ff 48 89 73
0x00007ff9a51b10d8:   10 48 89 6b 18 4c 89 73 20 4c 8b 0d 00 9b 50 00
0x00007ff9a51b10e8:   be 20 00 00 00 41 ba 50 00 00 00 48 8b 7f 08 48
0x00007ff9a51b10f8:   85 ff 0f 85 20 ff ff ff 8b 4c 24 70 48 8b 54 24
0x00007ff9a51b1108:   78 4c 8b 4c 24 60 ff c1 48 83 c2 08 89 4c 24 70
0x00007ff9a51b1118:   48 89 54 24 78 41 3b 09 0f 8c de fe ff ff 4c 8b
0x00007ff9a51b1128:   7c 24 20 4c 8b 74 24 28 4c 8b 6c 24 30 48 8b 7c
0x00007ff9a51b1138:   24 38 48 8b 74 24 40 48 8b 6c 24 48 48 8b 5c 24
0x00007ff9a51b1148:   68 48 83 c4 50 41 5c c3 4d 8b c8 49 3b d0 73 5c
0x00007ff9a51b1158:   4c 8b 11 48 8b c2 48 c1 e8 06 0f b6 ca 80 e1 3f
0x00007ff9a51b1168:   4d 8b 04 c2 49 d3 e8 41 f6 c0 01 74 04 48 8b c2
0x00007ff9a51b1178:   c3 4d 85 c0 74 08 49 0f bc c0 48 03 c2 c3 4d 8b
0x00007ff9a51b1188:   c1 48 ff c0 49 c1 e8 06 49 3b c0 73 1f 49 8d 0c
0x00007ff9a51b1198:   c2 0f 1f 80 00 00 00 00 48 8b 11 48 85 d2 75 10
0x00007ff9a51b11a8:   48 ff c0 48 83 c1 08 49 3b c0 72 ec 49 8b c1 c3
0x00007ff9a51b11b8:   48 0f bc ca 48 c1 e0 06 48 03 c1 c3 cc cc cc cc
0x00007ff9a51b11c8:   cc cc cc cc cc cc cc cc 48 89 5c 24 10 48 89 74
0x00007ff9a51b11d8:   24 18 48 89 7c 24 20 55 41 54 41 55 41 56 41 57
0x00007ff9a51b11e8:   48 8d 6c 24 c9 48 81 ec c0 00 00 00 0f 10 02 48
0x00007ff9a51b11f8:   8b f1 4c 8b e2 8b 0d 35 f0 47 00 ba 0a 00 00 00
0x00007ff9a51b1208:   66 0f 73 d8 08 66 48 0f 7e c0 4c 8d 34 00 49 d3
0x00007ff9a51b1218:   ee 4d 8b fe 49 c1 ef 06 4a 8d 3c fd 00 00 00 00
0x00007ff9a51b1228:   48 8b cf e8 80 90 fe ff 4c 8b e8 e8 28 59 ff ff
0x00007ff9a51b1238:   48 63 d8 48 8d 57 ff 4c 3b eb 49 0f 47 dd 48 03
0x00007ff9a51b1248:   d3 48 8d 4b ff 48 f7 d1 48 23 d1 48 89 56 38 e8
0x00007ff9a51b1258:   14 59 ff ff 48 8b 56 38 4d 8b cd 48 63 c8 33 c0 


Stack slot to memory mapping:
stack at sp + 0 slots: 0x00007ff9a51b17fb jvm.dll
stack at sp + 1 slots: 0x000042f9976ca48a is an unknown value
stack at sp + 2 slots: 0x0000000000000f5c is an unknown value
stack at sp + 3 slots: 0x000001d0b771dfc0 points into unknown readable memory: 0x00000000ecc00000 | 00 00 c0 ec 00 00 00 00
stack at sp + 4 slots: 0x00000000eaa90c00 is pointing into object: net.fabricmc.mappingio.tree.MemoryMappingTree$MethodArgEntry 
{0x00000000eaa90bf8} - klass: 'net/fabricmc/mappingio/tree/MemoryMappingTree$MethodArgEntry'
 - ---- fields (total size 5 words):
 - protected 'srcName' 'Ljava/lang/String;' @12  NULL (0)
 - protected 'dstNames' '[Ljava/lang/String;' @16  a 'java/lang/String'[2] {0x00000000eaa90c20} (eaa90c20)
 - protected 'comment' 'Ljava/lang/String;' @20  NULL (0)
 - private 'argPosition' 'I' @24  -1 (ffffffff)
 - private 'lvIndex' 'I' @28  2
 - private final 'method' 'Lnet/fabricmc/mappingio/tree/MemoryMappingTree$MethodEntry;' @32  a 'net/fabricmc/mappingio/tree/MemoryMappingTree$MethodEntry'{0x00000000eaa90a18} (eaa90a18)
stack at sp + 5 slots: 0x000001d0b771dfc0 points into unknown readable memory: 0x00000000ecc00000 | 00 00 c0 ec 00 00 00 00
stack at sp + 6 slots: 0x00000000eaaa4400 is pointing into object: java.lang.String 
{0x00000000eaaa43f8} - klass: 'java/lang/String'
 - string: "method_39941"
stack at sp + 7 slots: 0x000001d0b7a3f660 points into unknown readable memory: 0x000001d0b55e0150 | 50 01 5e b5 d0 01 00 00


---------------  P R O C E S S  ---------------

Threads class SMR info:
_java_thread_list=0x000001d0de33f240, length=66, elements={
0x000001d0b79cf3d0, 0x000001d0d1e23410, 0x000001d0d1e24a90, 0x000001d0d06abfe0,
0x000001d0d06ac9a0, 0x000001d0d06ae960, 0x000001d0d1e2d230, 0x000001d0d1e346e0,
0x000001d0d1e3ad80, 0x000001d0d1e66e40, 0x000001d0b7a30f90, 0x000001d0d903b8b0,
0x000001d0d9743a00, 0x000001d0d9f9ead0, 0x000001d0d9b56510, 0x000001d0d9bd8660,
0x000001d0da159ad0, 0x000001d0d9d200a0, 0x000001d0d9d1e3c0, 0x000001d0d9d1f700,
0x000001d0d9d1f230, 0x000001d0d9d1d080, 0x000001d0dbfc8350, 0x000001d0dbfc91c0,
0x000001d0dbfc61a0, 0x000001d0db5e38a0, 0x000001d0db5e3d70, 0x000001d0db5e1bc0,
0x000001d0db5e0d50, 0x000001d0db5e2a30, 0x000001d0db5e5f20, 0x000001d0db5e2090,
0x000001d0db5e2560, 0x000001d0db5e2f00, 0x000001d0db5e33d0, 0x000001d0db5e4240,
0x000001d0db5e5580, 0x000001d0db5e4710, 0x000001d0d9d1def0, 0x000001d0eba238f0,
0x000001d0eba1dd80, 0x000001d0ec112f00, 0x000001d0eba22f50, 0x000001d0eba21740,
0x000001d0ec110880, 0x000001d0ec110d50, 0x000001d0ec10dd30, 0x000001d0ec10cec0,
0x000001d0ec111bc0, 0x000001d0ec112560, 0x000001d0ec10c050, 0x000001d0dbfc3650,
0x000001d0dbfc6b40, 0x000001d0dbfc7010, 0x000001d0dbfc4e60, 0x000001d0dbfc5800,
0x000001d0f276e5b0, 0x000001d0f276ba60, 0x000001d0f276c400, 0x000001d0f276cda0,
0x000001d0f276ea80, 0x000001d0f276f420, 0x000001d0ec111220, 0x000001d0ec10d390,
0x000001d0db5e4be0, 0x000001d0db5e68c0
}

Java Threads: ( => current thread )
  0x000001d0b79cf3d0 JavaThread "main" [_thread_blocked, id=32796, stack(0x00000043afe00000,0x00000043aff00000)]
  0x000001d0d1e23410 JavaThread "Reference Handler" daemon [_thread_blocked, id=12908, stack(0x00000043b0100000,0x00000043b0200000)]
  0x000001d0d1e24a90 JavaThread "Finalizer" daemon [_thread_blocked, id=12912, stack(0x00000043b0200000,0x00000043b0300000)]
  0x000001d0d06abfe0 JavaThread "Signal Dispatcher" daemon [_thread_blocked, id=14416, stack(0x00000043b0300000,0x00000043b0400000)]
  0x000001d0d06ac9a0 JavaThread "Attach Listener" daemon [_thread_blocked, id=14420, stack(0x00000043b0400000,0x00000043b0500000)]
  0x000001d0d06ae960 JavaThread "Service Thread" daemon [_thread_blocked, id=14424, stack(0x00000043b0500000,0x00000043b0600000)]
  0x000001d0d1e2d230 JavaThread "Monitor Deflation Thread" daemon [_thread_blocked, id=14432, stack(0x00000043b0600000,0x00000043b0700000)]
  0x000001d0d1e346e0 JavaThread "C2 CompilerThread0" daemon [_thread_blocked, id=14428, stack(0x00000043b0700000,0x00000043b0800000)]
  0x000001d0d1e3ad80 JavaThread "C1 CompilerThread0" daemon [_thread_blocked, id=14616, stack(0x00000043b0800000,0x00000043b0900000)]
  0x000001d0d1e66e40 JavaThread "Sweeper thread" daemon [_thread_blocked, id=12936, stack(0x00000043b0900000,0x00000043b0a00000)]
  0x000001d0b7a30f90 JavaThread "Common-Cleaner" daemon [_thread_blocked, id=34188, stack(0x00000043b0a00000,0x00000043b0b00000)]
  0x000001d0d903b8b0 JavaThread "Notification Thread" daemon [_thread_blocked, id=21964, stack(0x00000043b1000000,0x00000043b1100000)]
  0x000001d0d9743a00 JavaThread "Active Thread: Equinox Container: 115e0ded-2d66-44f8-ae85-6d111bbe1f6f" [_thread_blocked, id=15880, stack(0x00000043b1c00000,0x00000043b1d00000)]
  0x000001d0d9f9ead0 JavaThread "Framework Event Dispatcher: Equinox Container: 115e0ded-2d66-44f8-ae85-6d111bbe1f6f" daemon [_thread_blocked, id=13276, stack(0x00000043b1d00000,0x00000043b1e00000)]
  0x000001d0d9b56510 JavaThread "Start Level: Equinox Container: 115e0ded-2d66-44f8-ae85-6d111bbe1f6f" daemon [_thread_blocked, id=27420, stack(0x00000043b1e00000,0x00000043b1f00000)]
  0x000001d0d9bd8660 JavaThread "SCR Component Actor" daemon [_thread_blocked, id=5192, stack(0x00000043b1f00000,0x00000043b2000000)]
  0x000001d0da159ad0 JavaThread "Worker-JM" [_thread_blocked, id=28452, stack(0x00000043b1600000,0x00000043b1700000)]
  0x000001d0d9d200a0 JavaThread "Java indexing" daemon [_thread_blocked, id=1844, stack(0x00000043b2c00000,0x00000043b2d00000)]
  0x000001d0d9d1e3c0 JavaThread "JNA Cleaner" daemon [_thread_blocked, id=13524, stack(0x00000043b2f00000,0x00000043b3000000)]
  0x000001d0d9d1f700 JavaThread "pool-2-thread-1" [_thread_blocked, id=15656, stack(0x00000043b3200000,0x00000043b3300000)]
  0x000001d0d9d1f230 JavaThread "WorkspaceEventsHandler" [_thread_blocked, id=26824, stack(0x00000043b3400000,0x00000043b3500000)]
  0x000001d0d9d1d080 JavaThread "pool-1-thread-1" [_thread_blocked, id=27876, stack(0x00000043b3500000,0x00000043b3600000)]
  0x000001d0dbfc8350 JavaThread "Timer-0" [_thread_blocked, id=33168, stack(0x00000043b1400000,0x00000043b1500000)]
  0x000001d0dbfc91c0 JavaThread "Timer-1" [_thread_blocked, id=11536, stack(0x00000043afd00000,0x00000043afe00000)]
  0x000001d0dbfc61a0 JavaThread "Bundle File Closer" daemon [_thread_blocked, id=3944, stack(0x00000043b1500000,0x00000043b1600000)]
  0x000001d0db5e38a0 JavaThread "Timer-2" [_thread_blocked, id=17624, stack(0x00000043b4600000,0x00000043b4700000)]
  0x000001d0db5e3d70 JavaThread "Timer-3" [_thread_blocked, id=13248, stack(0x00000043b0f00000,0x00000043b1000000)]
  0x000001d0db5e1bc0 JavaThread "Timer-4" [_thread_blocked, id=29536, stack(0x00000043b3000000,0x00000043b3100000)]
  0x000001d0db5e0d50 JavaThread "Timer-5" [_thread_blocked, id=11828, stack(0x00000043b4900000,0x00000043b4a00000)]
  0x000001d0db5e2a30 JavaThread "Timer-6" [_thread_blocked, id=9680, stack(0x00000043b3e00000,0x00000043b3f00000)]
  0x000001d0db5e5f20 JavaThread "Timer-7" [_thread_blocked, id=30268, stack(0x00000043b3600000,0x00000043b3700000)]
  0x000001d0db5e2090 JavaThread "Timer-8" [_thread_blocked, id=17172, stack(0x00000043b3a00000,0x00000043b3b00000)]
  0x000001d0db5e2560 JavaThread "Timer-9" [_thread_blocked, id=29716, stack(0x00000043b4800000,0x00000043b4900000)]
  0x000001d0db5e2f00 JavaThread "Timer-10" [_thread_blocked, id=33492, stack(0x00000043b4400000,0x00000043b4500000)]
  0x000001d0db5e33d0 JavaThread "Timer-11" [_thread_blocked, id=31420, stack(0x00000043b4b00000,0x00000043b4c00000)]
  0x000001d0db5e4240 JavaThread "Timer-12" [_thread_blocked, id=35744, stack(0x00000043b4c00000,0x00000043b4d00000)]
  0x000001d0db5e5580 JavaThread "Timer-13" [_thread_blocked, id=24760, stack(0x00000043b4d00000,0x00000043b4e00000)]
  0x000001d0db5e4710 JavaThread "Timer-14" [_thread_blocked, id=29000, stack(0x00000043b4e00000,0x00000043b4f00000)]
  0x000001d0d9d1def0 JavaThread "Java Debug Server" daemon [_thread_in_native, id=12332, stack(0x00000043b4200000,0x00000043b4300000)]
  0x000001d0eba238f0 JavaThread "RxSchedulerPurge-1" daemon [_thread_blocked, id=32072, stack(0x00000043b4a00000,0x00000043b4b00000)]
  0x000001d0eba1dd80 JavaThread "RxCachedWorkerPoolEvictor-1" daemon [_thread_blocked, id=10400, stack(0x00000043b5000000,0x00000043b5100000)]
  0x000001d0ec112f00 JavaThread "ForkJoinPool.commonPool-worker-66" daemon [_thread_blocked, id=17000, stack(0x00000043b3900000,0x00000043b3a00000)]
  0x000001d0eba22f50 JavaThread "ForkJoinPool.commonPool-worker-84" daemon [_thread_blocked, id=34384, stack(0x00000043afc00000,0x00000043afd00000)]
  0x000001d0eba21740 JavaThread "ForkJoinPool.commonPool-worker-85" daemon [_thread_blocked, id=37416, stack(0x00000043b0c00000,0x00000043b0d00000)]
  0x000001d0ec110880 JavaThread "ForkJoinPool.commonPool-worker-86" daemon [_thread_blocked, id=37344, stack(0x00000043b0d00000,0x00000043b0e00000)]
  0x000001d0ec110d50 JavaThread "ForkJoinPool.commonPool-worker-87" daemon [_thread_blocked, id=34536, stack(0x00000043b0e00000,0x00000043b0f00000)]
  0x000001d0ec10dd30 JavaThread "ForkJoinPool.commonPool-worker-88" daemon [_thread_blocked, id=7304, stack(0x00000043b1200000,0x00000043b1300000)]
  0x000001d0ec10cec0 JavaThread "ForkJoinPool.commonPool-worker-89" daemon [_thread_blocked, id=36764, stack(0x00000043b1300000,0x00000043b1400000)]
  0x000001d0ec111bc0 JavaThread "ForkJoinPool.commonPool-worker-91" daemon [_thread_blocked, id=34772, stack(0x00000043b2500000,0x00000043b2600000)]
  0x000001d0ec112560 JavaThread "ForkJoinPool.commonPool-worker-92" daemon [_thread_blocked, id=32728, stack(0x00000043b2600000,0x00000043b2700000)]
  0x000001d0ec10c050 JavaThread "ForkJoinPool.commonPool-worker-95" daemon [_thread_blocked, id=37208, stack(0x00000043b3800000,0x00000043b3900000)]
  0x000001d0dbfc3650 JavaThread "ForkJoinPool.commonPool-worker-107" daemon [_thread_blocked, id=27696, stack(0x00000043afb00000,0x00000043afc00000)]
  0x000001d0dbfc6b40 JavaThread "ForkJoinPool.commonPool-worker-108" daemon [_thread_blocked, id=31692, stack(0x00000043b0b00000,0x00000043b0c00000)]
  0x000001d0dbfc7010 JavaThread "ForkJoinPool.commonPool-worker-109" daemon [_thread_blocked, id=34104, stack(0x00000043b2200000,0x00000043b2300000)]
  0x000001d0dbfc4e60 JavaThread "Worker-30" [_thread_blocked, id=39496, stack(0x00000043b3100000,0x00000043b3200000)]
  0x000001d0dbfc5800 JavaThread "ForkJoinPool.commonPool-worker-110" daemon [_thread_blocked, id=12324, stack(0x00000043b3700000,0x00000043b3800000)]
  0x000001d0f276e5b0 JavaThread "ForkJoinPool.commonPool-worker-111" daemon [_thread_blocked, id=39328, stack(0x00000043b3b00000,0x00000043b3c00000)]
  0x000001d0f276ba60 JavaThread "ForkJoinPool.commonPool-worker-112" daemon [_thread_blocked, id=33440, stack(0x00000043b3c00000,0x00000043b3d00000)]
  0x000001d0f276c400 JavaThread "ForkJoinPool.commonPool-worker-113" daemon [_thread_blocked, id=36512, stack(0x00000043b3d00000,0x00000043b3e00000)]
  0x000001d0f276cda0 JavaThread "ForkJoinPool.commonPool-worker-114" daemon [_thread_blocked, id=39420, stack(0x00000043b3f00000,0x00000043b4000000)]
  0x000001d0f276ea80 JavaThread "ForkJoinPool.commonPool-worker-115" daemon [_thread_blocked, id=34268, stack(0x00000043b4000000,0x00000043b4100000)]
  0x000001d0f276f420 JavaThread "ForkJoinPool.commonPool-worker-116" daemon [_thread_blocked, id=37076, stack(0x00000043b4100000,0x00000043b4200000)]
  0x000001d0ec111220 JavaThread "ForkJoinPool.commonPool-worker-118" daemon [_thread_blocked, id=2660, stack(0x00000043b4500000,0x00000043b4600000)]
  0x000001d0ec10d390 JavaThread "ForkJoinPool.commonPool-worker-119" daemon [_thread_blocked, id=37276, stack(0x00000043b4700000,0x00000043b4800000)]
  0x000001d0db5e4be0 JavaThread "Worker-31: Building" [_thread_blocked, id=30684, stack(0x00000043b5100000,0x00000043b5200000)]
  0x000001d0db5e68c0 JavaThread "Worker-32" [_thread_blocked, id=36504, stack(0x00000043b4f00000,0x00000043b5000000)]

Other Threads:
  0x000001d0b7a89890 VMThread "VM Thread" [stack: 0x00000043b0000000,0x00000043b0100000] [id=12356]
  0x000001d0d903bd80 WatcherThread [stack: 0x00000043b1100000,0x00000043b1200000] [id=34460]
  0x000001d0b79e5b30 GCTaskThread "GC Thread#0" [stack: 0x00000043aff00000,0x00000043b0000000] [id=12316]
  0x000001d0d9aa5240 GCTaskThread "GC Thread#1" [stack: 0x00000043b1700000,0x00000043b1800000] [id=25264]
  0x000001d0d9aa54f0 GCTaskThread "GC Thread#2" [stack: 0x00000043b1800000,0x00000043b1900000] [id=23300]
  0x000001d0d9d40010 GCTaskThread "GC Thread#3" [stack: 0x00000043b1900000,0x00000043b1a00000] [id=31952]
  0x000001d0d9d402c0 GCTaskThread "GC Thread#4" [stack: 0x00000043b1a00000,0x00000043b1b00000] [id=5928]
  0x000001d0d9d40570 GCTaskThread "GC Thread#5" [stack: 0x00000043b1b00000,0x00000043b1c00000] [id=15952]
  0x000001d0d9ed5a20 GCTaskThread "GC Thread#6" [stack: 0x00000043b2000000,0x00000043b2100000] [id=35356]
  0x000001d0d9ed4ec0 GCTaskThread "GC Thread#7" [stack: 0x00000043b2100000,0x00000043b2200000] [id=9616]
  0x000001d0d9f96860 GCTaskThread "GC Thread#8" [stack: 0x00000043b2300000,0x00000043b2400000] [id=10856]
  0x000001d0d9f96b10 GCTaskThread "GC Thread#9" [stack: 0x00000043b2400000,0x00000043b2500000] [id=34572]
  0x000001d0da3f80c0 GCTaskThread "GC Thread#10" [stack: 0x00000043b2700000,0x00000043b2800000] [id=25936]
  0x000001d0da2b05a0 GCTaskThread "GC Thread#11" [stack: 0x00000043b2800000,0x00000043b2900000] [id=24744]
=>0x000001d0da370440 GCTaskThread "GC Thread#12" [stack: 0x00000043b2900000,0x00000043b2a00000] [id=3932]
  0x000001d0da370f00 GCTaskThread "GC Thread#13" [stack: 0x00000043b2a00000,0x00000043b2b00000] [id=8632]
  0x000001d0da36f6d0 GCTaskThread "GC Thread#14" [stack: 0x00000043b2b00000,0x00000043b2c00000] [id=1388]
  0x000001d0da370c50 GCTaskThread "GC Thread#15" [stack: 0x00000043b2d00000,0x00000043b2e00000] [id=29244]
  0x000001d0da3706f0 GCTaskThread "GC Thread#16" [stack: 0x00000043b2e00000,0x00000043b2f00000] [id=15508]
  0x000001d0da3711b0 GCTaskThread "GC Thread#17" [stack: 0x00000043b3300000,0x00000043b3400000] [id=14276]

Threads with active compile tasks:

VM state: at safepoint (normal execution)

VM Mutex/Monitor currently owned by a thread:  ([mutex/lock_event])
[0x000001d0b79cb220] Threads_lock - owner thread: 0x000001d0b7a89890
[0x000001d0b79cc780] Heap_lock - owner thread: 0x000001d0dbfc5800

Heap address: 0x00000000c0000000, size: 1024 MB, Compressed Oops mode: 32-bit

CDS archive(s) mapped at: [0x0000000800000000-0x0000000800bc0000-0x0000000800bc0000), size 12320768, SharedBaseAddress: 0x0000000800000000, ArchiveRelocationMode: 0.
Compressed class space mapped at: 0x0000000801000000-0x0000000841000000, reserved size: 1073741824
Narrow klass base: 0x0000000800000000, Narrow klass shift: 0, Narrow klass range: 0x100000000

GC Precious Log:
 CPUs: 24 total, 24 available
 Memory: 65277M
 Large Page Support: Disabled
 NUMA Support: Disabled
 Compressed Oops: Enabled (32-bit)
 Alignments: Space 512K, Generation 512K, Heap 2M
 Heap Min Capacity: 100M
 Heap Initial Capacity: 100M
 Heap Max Capacity: 1G
 Pre-touch: Disabled
 Parallel Workers: 18

Heap:
 PSYoungGen      total 18944K, used 9171K [0x00000000eab00000, 0x00000000ede00000, 0x0000000100000000)
  eden space 1536K, 100% used [0x00000000eab00000,0x00000000eac80000,0x00000000eac80000)
  from space 17408K, 43% used [0x00000000ec500000,0x00000000ecc74ff8,0x00000000ed600000)
  to   space 25088K, 0% used [0x00000000eac80000,0x00000000eac80000,0x00000000ec500000)
 ParOldGen       total 699392K, used 699373K [0x00000000c0000000, 0x00000000eab00000, 0x00000000eab00000)
  object space 699392K, 99% used [0x00000000c0000000,0x00000000eaafb7a8,0x00000000eab00000)
 Metaspace       used 109081K, committed 110400K, reserved 1179648K
  class space    used 11877K, committed 12544K, reserved 1048576K

Card table byte_map: [0x000001d0b73a0000,0x000001d0b75b0000] _byte_map_base: 0x000001d0b6da0000

Marking Bits: (ParMarkBitMap*) 0x00007ff9a56b52c0
 Begin Bits: [0x000001d0ce4b0000, 0x000001d0cf4b0000)
 End Bits:   [0x000001d0cf4b0000, 0x000001d0d04b0000)

Polling page: 0x000001d0b7190000

Metaspace:

Usage:
  Non-class:     94.93 MB used.
      Class:     11.60 MB used.
       Both:    106.52 MB used.

Virtual space:
  Non-class space:      128.00 MB reserved,      95.56 MB ( 75%) committed,  2 nodes.
      Class space:        1.00 GB reserved,      12.25 MB (  1%) committed,  1 nodes.
             Both:        1.12 GB reserved,     107.81 MB (  9%) committed. 

Chunk freelists:
   Non-Class:  399.00 KB
       Class:  3.81 MB
        Both:  4.20 MB

MaxMetaspaceSize: unlimited
CompressedClassSpaceSize: 1.00 GB
Initial GC threshold: 21.00 MB
Current GC threshold: 179.50 MB
CDS: on
MetaspaceReclaimPolicy: balanced
 - commit_granule_bytes: 65536.
 - commit_granule_words: 8192.
 - virtual_space_node_default_size: 8388608.
 - enlarge_chunks_in_place: 1.
 - new_chunks_are_fully_committed: 0.
 - uncommit_free_chunks: 1.
 - use_allocation_guard: 0.
 - handle_deallocations: 1.


Internal statistics:

num_allocs_failed_limit: 9.
num_arena_births: 1250.
num_arena_deaths: 502.
num_vsnodes_births: 3.
num_vsnodes_deaths: 0.
num_space_committed: 1738.
num_space_uncommitted: 13.
num_chunks_returned_to_freelist: 735.
num_chunks_taken_from_freelist: 6436.
num_chunk_merges: 265.
num_chunk_splits: 3897.
num_chunks_enlarged: 2321.
num_inconsistent_stats: 0.

CodeHeap 'non-profiled nmethods': size=119168Kb used=33472Kb max_used=34227Kb free=85695Kb
 bounds [0x000001d0c7050000, 0x000001d0c91c0000, 0x000001d0ce4b0000]
CodeHeap 'profiled nmethods': size=119104Kb used=48337Kb max_used=48368Kb free=70766Kb
 bounds [0x000001d0bf4b0000, 0x000001d0c2410000, 0x000001d0c6900000]
CodeHeap 'non-nmethods': size=7488Kb used=1472Kb max_used=3224Kb free=6015Kb
 bounds [0x000001d0c6900000, 0x000001d0c6c40000, 0x000001d0c7050000]
 total_blobs=23177 nmethods=22345 adapters=739
 compilation: enabled
              stopped_count=0, restarted_count=0
 full_count=0

Compilation events (20 events):
Event: 11306.246 Thread 0x000001d0d1e346e0 31887       4       org.eclipse.jdt.internal.core.SourceType::isInterface (44 bytes)
Event: 11306.246 Thread 0x000001d0d1e346e0 nmethod 31887 0x000001d0c91b8990 code [0x000001d0c91b8b20, 0x000001d0c91b8c98]
Event: 11306.566 Thread 0x000001d0d1e346e0 31888       4       org.eclipse.core.internal.preferences.AbstractScope::getNode (37 bytes)
Event: 11306.569 Thread 0x000001d0d1e346e0 nmethod 31888 0x000001d0c91b8e10 code [0x000001d0c91b9020, 0x000001d0c91b9a68]
Event: 11309.175 Thread 0x000001d0d1e3ad80 31889       3       org.eclipse.core.internal.events.AutoBuildJob::computeScheduleDelay (27 bytes)
Event: 11309.175 Thread 0x000001d0d1e3ad80 nmethod 31889 0x000001d0c23fa290 code [0x000001d0c23fa440, 0x000001d0c23fa6f8]
Event: 11309.584 Thread 0x000001d0d1e346e0 31890       4       java.util.regex.Pattern::clazz (450 bytes)
Event: 11309.595 Thread 0x000001d0d1e346e0 nmethod 31890 0x000001d0c91ba210 code [0x000001d0c91ba4a0, 0x000001d0c91bba30]
Event: 11310.168 Thread 0x000001d0d1e3ad80 31891       3       org.eclipse.jdt.internal.core.builder.IncrementalImageBuilder::findSourceFiles (1553 bytes)
Event: 11310.171 Thread 0x000001d0d1e3ad80 nmethod 31891 0x000001d0c23fa810 code [0x000001d0c23fbc00, 0x000001d0c24091e8]
Event: 11310.309 Thread 0x000001d0d1e3ad80 31892       3       org.eclipse.jdt.internal.compiler.apt.model.ElementsImpl9::getAllModuleElements (135 bytes)
Event: 11310.309 Thread 0x000001d0d1e3ad80 nmethod 31892 0x000001d0c054cd90 code [0x000001d0c054d060, 0x000001d0c054e128]
Event: 11310.311 Thread 0x000001d0d1e346e0 31893       4       org.eclipse.jdt.core.Signature::createTypeSignature (13 bytes)
Event: 11310.315 Thread 0x000001d0d1e346e0 nmethod 31893 0x000001d0c73eaa90 code [0x000001d0c73eac60, 0x000001d0c73eb868]
Event: 11310.315 Thread 0x000001d0d1e346e0 31894   !   4       org.eclipse.jdt.internal.compiler.lookup.SourceTypeBinding::getAnnotationTagBits (98 bytes)
Event: 11310.317 Thread 0x000001d0d1e346e0 nmethod 31894 0x000001d0c79e5e10 code [0x000001d0c79e5fe0, 0x000001d0c79e6390]
Event: 11310.320 Thread 0x000001d0d1e346e0 31895       4       java.util.regex.Matcher::replaceAll (59 bytes)
Event: 11310.460 Thread 0x000001d0d1e346e0 nmethod 31895 0x000001d0c848ab10 code [0x000001d0c848ae00, 0x000001d0c848c840]
Event: 11310.558 Thread 0x000001d0d1e346e0 31896   !   4       java.io.StringReader::read (105 bytes)
Event: 11311.745 Thread 0x000001d0d1e346e0 nmethod 31896 0x000001d0c8220110 code [0x000001d0c82202c0, 0x000001d0c8220ca8]

GC Heap History (20 events):
Event: 11353.501 GC heap after
{Heap after GC invocations=6760 (full 593):
 PSYoungGen      total 18944K, used 9171K [0x00000000eab00000, 0x00000000ede00000, 0x0000000100000000)
  eden space 1536K, 100% used [0x00000000eab00000,0x00000000eac80000,0x00000000eac80000)
  from space 17408K, 43% used [0x00000000ec500000,0x00000000ecc74ff8,0x00000000ed600000)
  to   space 25088K, 0% used [0x00000000eac80000,0x00000000eac80000,0x00000000ec500000)
 ParOldGen       total 699392K, used 699371K [0x00000000c0000000, 0x00000000eab00000, 0x00000000eab00000)
  object space 699392K, 99% used [0x00000000c0000000,0x00000000eaafaff0,0x00000000eab00000)
 Metaspace       used 109081K, committed 110400K, reserved 1179648K
  class space    used 11877K, committed 12544K, reserved 1048576K
}
Event: 11353.501 GC heap before
{Heap before GC invocations=6761 (full 594):
 PSYoungGen      total 18944K, used 9171K [0x00000000eab00000, 0x00000000ede00000, 0x0000000100000000)
  eden space 1536K, 100% used [0x00000000eab00000,0x00000000eac80000,0x00000000eac80000)
  from space 17408K, 43% used [0x00000000ec500000,0x00000000ecc74ff8,0x00000000ed600000)
  to   space 25088K, 0% used [0x00000000eac80000,0x00000000eac80000,0x00000000ec500000)
 ParOldGen       total 699392K, used 699374K [0x00000000c0000000, 0x00000000eab00000, 0x00000000eab00000)
  object space 699392K, 99% used [0x00000000c0000000,0x00000000eaafb950,0x00000000eab00000)
 Metaspace       used 109081K, committed 110400K, reserved 1179648K
  class space    used 11877K, committed 12544K, reserved 1048576K
}
Event: 11353.598 GC heap after
{Heap after GC invocations=6761 (full 594):
 PSYoungGen      total 18944K, used 9171K [0x00000000eab00000, 0x00000000ede00000, 0x0000000100000000)
  eden space 1536K, 100% used [0x00000000eab00000,0x00000000eac80000,0x00000000eac80000)
  from space 17408K, 43% used [0x00000000ec500000,0x00000000ecc74ff8,0x00000000ed600000)
  to   space 25088K, 0% used [0x00000000eac80000,0x00000000eac80000,0x00000000ec500000)
 ParOldGen       total 699392K, used 699372K [0x00000000c0000000, 0x00000000eab00000, 0x00000000eab00000)
  object space 699392K, 99% used [0x00000000c0000000,0x00000000eaafb100,0x00000000eab00000)
 Metaspace       used 109081K, committed 110400K, reserved 1179648K
  class space    used 11877K, committed 12544K, reserved 1048576K
}
Event: 11353.598 GC heap before
{Heap before GC invocations=6762 (full 595):
 PSYoungGen      total 18944K, used 9171K [0x00000000eab00000, 0x00000000ede00000, 0x0000000100000000)
  eden space 1536K, 100% used [0x00000000eab00000,0x00000000eac80000,0x00000000eac80000)
  from space 17408K, 43% used [0x00000000ec500000,0x00000000ecc74ff8,0x00000000ed600000)
  to   space 25088K, 0% used [0x00000000eac80000,0x00000000eac80000,0x00000000ec500000)
 ParOldGen       total 699392K, used 699374K [0x00000000c0000000, 0x00000000eab00000, 0x00000000eab00000)
  object space 699392K, 99% used [0x00000000c0000000,0x00000000eaafb9f8,0x00000000eab00000)
 Metaspace       used 109081K, committed 110400K, reserved 1179648K
  class space    used 11877K, committed 12544K, reserved 1048576K
}
Event: 11353.694 GC heap after
{Heap after GC invocations=6762 (full 595):
 PSYoungGen      total 18944K, used 9171K [0x00000000eab00000, 0x00000000ede00000, 0x0000000100000000)
  eden space 1536K, 100% used [0x00000000eab00000,0x00000000eac80000,0x00000000eac80000)
  from space 17408K, 43% used [0x00000000ec500000,0x00000000ecc74ff8,0x00000000ed600000)
  to   space 25088K, 0% used [0x00000000eac80000,0x00000000eac80000,0x00000000ec500000)
 ParOldGen       total 699392K, used 699372K [0x00000000c0000000, 0x00000000eab00000, 0x00000000eab00000)
  object space 699392K, 99% used [0x00000000c0000000,0x00000000eaafb378,0x00000000eab00000)
 Metaspace       used 109081K, committed 110400K, reserved 1179648K
  class space    used 11877K, committed 12544K, reserved 1048576K
}
Event: 11353.694 GC heap before
{Heap before GC invocations=6763 (full 596):
 PSYoungGen      total 18944K, used 9171K [0x00000000eab00000, 0x00000000ede00000, 0x0000000100000000)
  eden space 1536K, 100% used [0x00000000eab00000,0x00000000eac80000,0x00000000eac80000)
  from space 17408K, 43% used [0x00000000ec500000,0x00000000ecc74ff8,0x00000000ed600000)
  to   space 25088K, 0% used [0x00000000eac80000,0x00000000eac80000,0x00000000ec500000)
 ParOldGen       total 699392K, used 699374K [0x00000000c0000000, 0x00000000eab00000, 0x00000000eab00000)
  object space 699392K, 99% used [0x00000000c0000000,0x00000000eaafba78,0x00000000eab00000)
 Metaspace       used 109081K, committed 110400K, reserved 1179648K
  class space    used 11877K, committed 12544K, reserved 1048576K
}
Event: 11353.794 GC heap after
{Heap after GC invocations=6763 (full 596):
 PSYoungGen      total 18944K, used 9171K [0x00000000eab00000, 0x00000000ede00000, 0x0000000100000000)
  eden space 1536K, 100% used [0x00000000eab00000,0x00000000eac80000,0x00000000eac80000)
  from space 17408K, 43% used [0x00000000ec500000,0x00000000ecc74ff8,0x00000000ed600000)
  to   space 25088K, 0% used [0x00000000eac80000,0x00000000eac80000,0x00000000ec500000)
 ParOldGen       total 699392K, used 699370K [0x00000000c0000000, 0x00000000eab00000, 0x00000000eab00000)
  object space 699392K, 99% used [0x00000000c0000000,0x00000000eaafa898,0x00000000eab00000)
 Metaspace       used 109081K, committed 110400K, reserved 1179648K
  class space    used 11877K, committed 12544K, reserved 1048576K
}
Event: 11353.794 GC heap before
{Heap before GC invocations=6764 (full 597):
 PSYoungGen      total 18944K, used 9171K [0x00000000eab00000, 0x00000000ede00000, 0x0000000100000000)
  eden space 1536K, 100% used [0x00000000eab00000,0x00000000eac80000,0x00000000eac80000)
  from space 17408K, 43% used [0x00000000ec500000,0x00000000ecc74ff8,0x00000000ed600000)
  to   space 25088K, 0% used [0x00000000eac80000,0x00000000eac80000,0x00000000ec500000)
 ParOldGen       total 699392K, used 699372K [0x00000000c0000000, 0x00000000eab00000, 0x00000000eab00000)
  object space 699392K, 99% used [0x00000000c0000000,0x00000000eaafb040,0x00000000eab00000)
 Metaspace       used 109081K, committed 110400K, reserved 1179648K
  class space    used 11877K, committed 12544K, reserved 1048576K
}
Event: 11353.897 GC heap after
{Heap after GC invocations=6764 (full 597):
 PSYoungGen      total 18944K, used 9171K [0x00000000eab00000, 0x00000000ede00000, 0x0000000100000000)
  eden space 1536K, 100% used [0x00000000eab00000,0x00000000eac80000,0x00000000eac80000)
  from space 17408K, 43% used [0x00000000ec500000,0x00000000ecc74ff8,0x00000000ed600000)
  to   space 25088K, 0% used [0x00000000eac80000,0x00000000eac80000,0x00000000ec500000)
 ParOldGen       total 699392K, used 699370K [0x00000000c0000000, 0x00000000eab00000, 0x00000000eab00000)
  object space 699392K, 99% used [0x00000000c0000000,0x00000000eaafa960,0x00000000eab00000)
 Metaspace       used 109081K, committed 110400K, reserved 1179648K
  class space    used 11877K, committed 12544K, reserved 1048576K
}
Event: 11353.897 GC heap before
{Heap before GC invocations=6765 (full 598):
 PSYoungGen      total 18944K, used 9171K [0x00000000eab00000, 0x00000000ede00000, 0x0000000100000000)
  eden space 1536K, 100% used [0x00000000eab00000,0x00000000eac80000,0x00000000eac80000)
  from space 17408K, 43% used [0x00000000ec500000,0x00000000ecc74ff8,0x00000000ed600000)
  to   space 25088K, 0% used [0x00000000eac80000,0x00000000eac80000,0x00000000ec500000)
 ParOldGen       total 699392K, used 699372K [0x00000000c0000000, 0x00000000eab00000, 0x00000000eab00000)
  object space 699392K, 99% used [0x00000000c0000000,0x00000000eaafb360,0x00000000eab00000)
 Metaspace       used 109081K, committed 110400K, reserved 1179648K
  class space    used 11877K, committed 12544K, reserved 1048576K
}
Event: 11353.994 GC heap after
{Heap after GC invocations=6765 (full 598):
 PSYoungGen      total 18944K, used 9171K [0x00000000eab00000, 0x00000000ede00000, 0x0000000100000000)
  eden space 1536K, 100% used [0x00000000eab00000,0x00000000eac80000,0x00000000eac80000)
  from space 17408K, 43% used [0x00000000ec500000,0x00000000ecc74ff8,0x00000000ed600000)
  to   space 25088K, 0% used [0x00000000eac80000,0x00000000eac80000,0x00000000ec500000)
 ParOldGen       total 699392K, used 699370K [0x00000000c0000000, 0x00000000eab00000, 0x00000000eab00000)
  object space 699392K, 99% used [0x00000000c0000000,0x00000000eaafa828,0x00000000eab00000)
 Metaspace       used 109081K, committed 110400K, reserved 1179648K
  class space    used 11877K, committed 12544K, reserved 1048576K
}
Event: 11353.994 GC heap before
{Heap before GC invocations=6766 (full 599):
 PSYoungGen      total 18944K, used 9171K [0x00000000eab00000, 0x00000000ede00000, 0x0000000100000000)
  eden space 1536K, 100% used [0x00000000eab00000,0x00000000eac80000,0x00000000eac80000)
  from space 17408K, 43% used [0x00000000ec500000,0x00000000ecc74ff8,0x00000000ed600000)
  to   space 25088K, 0% used [0x00000000eac80000,0x00000000eac80000,0x00000000ec500000)
 ParOldGen       total 699392K, used 699372K [0x00000000c0000000, 0x00000000eab00000, 0x00000000eab00000)
  object space 699392K, 99% used [0x00000000c0000000,0x00000000eaafb3e8,0x00000000eab00000)
 Metaspace       used 109081K, committed 110400K, reserved 1179648K
  class space    used 11877K, committed 12544K, reserved 1048576K
}
Event: 11354.095 GC heap after
{Heap after GC invocations=6766 (full 599):
 PSYoungGen      total 18944K, used 9171K [0x00000000eab00000, 0x00000000ede00000, 0x0000000100000000)
  eden space 1536K, 100% used [0x00000000eab00000,0x00000000eac80000,0x00000000eac80000)
  from space 17408K, 43% used [0x00000000ec500000,0x00000000ecc74ff8,0x00000000ed600000)
  to   space 25088K, 0% used [0x00000000eac80000,0x00000000eac80000,0x00000000ec500000)
 ParOldGen       total 699392K, used 699369K [0x00000000c0000000, 0x00000000eab00000, 0x00000000eab00000)
  object space 699392K, 99% used [0x00000000c0000000,0x00000000eaafa758,0x00000000eab00000)
 Metaspace       used 109081K, committed 110400K, reserved 1179648K
  class space    used 11877K, committed 12544K, reserved 1048576K
}
Event: 11354.095 GC heap before
{Heap before GC invocations=6767 (full 600):
 PSYoungGen      total 18944K, used 9171K [0x00000000eab00000, 0x00000000ede00000, 0x0000000100000000)
  eden space 1536K, 100% used [0x00000000eab00000,0x00000000eac80000,0x00000000eac80000)
  from space 17408K, 43% used [0x00000000ec500000,0x00000000ecc74ff8,0x00000000ed600000)
  to   space 25088K, 0% used [0x00000000eac80000,0x00000000eac80000,0x00000000ec500000)
 ParOldGen       total 699392K, used 699372K [0x00000000c0000000, 0x00000000eab00000, 0x00000000eab00000)
  object space 699392K, 99% used [0x00000000c0000000,0x00000000eaafb0a8,0x00000000eab00000)
 Metaspace       used 109081K, committed 110400K, reserved 1179648K
  class space    used 11877K, committed 12544K, reserved 1048576K
}
Event: 11354.198 GC heap after
{Heap after GC invocations=6767 (full 600):
 PSYoungGen      total 18944K, used 9171K [0x00000000eab00000, 0x00000000ede00000, 0x0000000100000000)
  eden space 1536K, 100% used [0x00000000eab00000,0x00000000eac80000,0x00000000eac80000)
  from space 17408K, 43% used [0x00000000ec500000,0x00000000ecc74ff8,0x00000000ed600000)
  to   space 25088K, 0% used [0x00000000eac80000,0x00000000eac80000,0x00000000ec500000)
 ParOldGen       total 699392K, used 699370K [0x00000000c0000000, 0x00000000eab00000, 0x00000000eab00000)
  object space 699392K, 99% used [0x00000000c0000000,0x00000000eaafab68,0x00000000eab00000)
 Metaspace       used 109081K, committed 110400K, reserved 1179648K
  class space    used 11877K, committed 12544K, reserved 1048576K
}
Event: 11354.198 GC heap before
{Heap before GC invocations=6768 (full 601):
 PSYoungGen      total 18944K, used 9171K [0x00000000eab00000, 0x00000000ede00000, 0x0000000100000000)
  eden space 1536K, 100% used [0x00000000eab00000,0x00000000eac80000,0x00000000eac80000)
  from space 17408K, 43% used [0x00000000ec500000,0x00000000ecc74ff8,0x00000000ed600000)
  to   space 25088K, 0% used [0x00000000eac80000,0x00000000eac80000,0x00000000ec500000)
 ParOldGen       total 699392K, used 699372K [0x00000000c0000000, 0x00000000eab00000, 0x00000000eab00000)
  object space 699392K, 99% used [0x00000000c0000000,0x00000000eaafb2c0,0x00000000eab00000)
 Metaspace       used 109081K, committed 110400K, reserved 1179648K
  class space    used 11877K, committed 12544K, reserved 1048576K
}
Event: 11354.300 GC heap after
{Heap after GC invocations=6768 (full 601):
 PSYoungGen      total 18944K, used 9171K [0x00000000eab00000, 0x00000000ede00000, 0x0000000100000000)
  eden space 1536K, 100% used [0x00000000eab00000,0x00000000eac80000,0x00000000eac80000)
  from space 17408K, 43% used [0x00000000ec500000,0x00000000ecc74ff8,0x00000000ed600000)
  to   space 25088K, 0% used [0x00000000eac80000,0x00000000eac80000,0x00000000ec500000)
 ParOldGen       total 699392K, used 699372K [0x00000000c0000000, 0x00000000eab00000, 0x00000000eab00000)
  object space 699392K, 99% used [0x00000000c0000000,0x00000000eaafb160,0x00000000eab00000)
 Metaspace       used 109081K, committed 110400K, reserved 1179648K
  class space    used 11877K, committed 12544K, reserved 1048576K
}
Event: 11354.300 GC heap before
{Heap before GC invocations=6769 (full 602):
 PSYoungGen      total 18944K, used 9171K [0x00000000eab00000, 0x00000000ede00000, 0x0000000100000000)
  eden space 1536K, 100% used [0x00000000eab00000,0x00000000eac80000,0x00000000eac80000)
  from space 17408K, 43% used [0x00000000ec500000,0x00000000ecc74ff8,0x00000000ed600000)
  to   space 25088K, 0% used [0x00000000eac80000,0x00000000eac80000,0x00000000ec500000)
 ParOldGen       total 699392K, used 699374K [0x00000000c0000000, 0x00000000eab00000, 0x00000000eab00000)
  object space 699392K, 99% used [0x00000000c0000000,0x00000000eaafba68,0x00000000eab00000)
 Metaspace       used 109081K, committed 110400K, reserved 1179648K
  class space    used 11877K, committed 12544K, reserved 1048576K
}
Event: 11354.400 GC heap after
{Heap after GC invocations=6769 (full 602):
 PSYoungGen      total 18944K, used 9171K [0x00000000eab00000, 0x00000000ede00000, 0x0000000100000000)
  eden space 1536K, 100% used [0x00000000eab00000,0x00000000eac80000,0x00000000eac80000)
  from space 17408K, 43% used [0x00000000ec500000,0x00000000ecc74ff8,0x00000000ed600000)
  to   space 25088K, 0% used [0x00000000eac80000,0x00000000eac80000,0x00000000ec500000)
 ParOldGen       total 699392K, used 699372K [0x00000000c0000000, 0x00000000eab00000, 0x00000000eab00000)
  object space 699392K, 99% used [0x00000000c0000000,0x00000000eaafb0b0,0x00000000eab00000)
 Metaspace       used 109081K, committed 110400K, reserved 1179648K
  class space    used 11877K, committed 12544K, reserved 1048576K
}
Event: 11354.401 GC heap before
{Heap before GC invocations=6770 (full 603):
 PSYoungGen      total 18944K, used 9171K [0x00000000eab00000, 0x00000000ede00000, 0x0000000100000000)
  eden space 1536K, 100% used [0x00000000eab00000,0x00000000eac80000,0x00000000eac80000)
  from space 17408K, 43% used [0x00000000ec500000,0x00000000ecc74ff8,0x00000000ed600000)
  to   space 25088K, 0% used [0x00000000eac80000,0x00000000eac80000,0x00000000ec500000)
 ParOldGen       total 699392K, used 699373K [0x00000000c0000000, 0x00000000eab00000, 0x00000000eab00000)
  object space 699392K, 99% used [0x00000000c0000000,0x00000000eaafb7a8,0x00000000eab00000)
 Metaspace       used 109081K, committed 110400K, reserved 1179648K
  class space    used 11877K, committed 12544K, reserved 1048576K
}

Dll operation events (15 events):
Event: 0.006 Loaded shared library C:\Program Files\Eclipse Adoptium\jdk-17.0.7.7-hotspot\bin\java.dll
Event: 0.010 Loaded shared library C:\Program Files\Eclipse Adoptium\jdk-17.0.7.7-hotspot\bin\jsvml.dll
Event: 0.042 Loaded shared library C:\Program Files\Eclipse Adoptium\jdk-17.0.7.7-hotspot\bin\zip.dll
Event: 0.043 Loaded shared library C:\Program Files\Eclipse Adoptium\jdk-17.0.7.7-hotspot\bin\instrument.dll
Event: 0.046 Loaded shared library C:\Program Files\Eclipse Adoptium\jdk-17.0.7.7-hotspot\bin\net.dll
Event: 0.047 Loaded shared library C:\Program Files\Eclipse Adoptium\jdk-17.0.7.7-hotspot\bin\nio.dll
Event: 0.048 Loaded shared library C:\Program Files\Eclipse Adoptium\jdk-17.0.7.7-hotspot\bin\zip.dll
Event: 0.055 Loaded shared library C:\Program Files\Eclipse Adoptium\jdk-17.0.7.7-hotspot\bin\jimage.dll
Event: 0.077 Loaded shared library C:\Program Files\Eclipse Adoptium\jdk-17.0.7.7-hotspot\bin\verify.dll
Event: 0.506 Loaded shared library C:\Users\chaws\AppData\Roaming\Code\User\globalStorage\redhat.java\1.20.0\config_win\org.eclipse.equinox.launcher\org.eclipse.equinox.launcher.win32.win32.x86_64_1.2.700.v20221108-1024\eclipse_11801.dll
Event: 1.250 Loaded shared library C:\Users\chaws\AppData\Local\Temp\jna-94623864\jna13831709128177953696.dll
Event: 31.536 Loaded shared library C:\Program Files\Eclipse Adoptium\jdk-17.0.7.7-hotspot\bin\management.dll
Event: 31.538 Loaded shared library C:\Program Files\Eclipse Adoptium\jdk-17.0.7.7-hotspot\bin\management_ext.dll
Event: 422.211 Loaded shared library C:\Users\chaws\.gradle\native\68d5fa5c4cc2d200863cafc0d521ce42e7d3e7ee720ec0a83991735586a16f82\windows-amd64\native-platform.dll
Event: 423.244 Loaded shared library C:\Program Files\Eclipse Adoptium\jdk-17.0.7.7-hotspot\bin\sunmscapi.dll

Deoptimization events (20 events):
Event: 11305.881 Thread 0x000001d0f276ea80 Uncommon trap: trap_request=0xffffff45 fr.pc=0x000001d0c8cbeca4 relative=0x00000000000008c4
Event: 11305.881 Thread 0x000001d0f276ea80 Uncommon trap: reason=unstable_if action=reinterpret pc=0x000001d0c8cbeca4 method=org.eclipse.jdt.internal.compiler.ClassFile.generateMethodInfoAttributes(Lorg/eclipse/jdt/internal/compiler/lookup/MethodBinding;)I @ 627 c2
Event: 11305.881 Thread 0x000001d0f276ea80 DEOPT PACKING pc=0x000001d0c8cbeca4 sp=0x00000043b40fde60
Event: 11305.881 Thread 0x000001d0f276ea80 DEOPT UNPACKING pc=0x000001d0c69566a3 sp=0x00000043b40fddc8 mode 2
Event: 11305.881 Thread 0x000001d0f276ea80 Uncommon trap: trap_request=0xffffff45 fr.pc=0x000001d0c8b82184 relative=0x0000000000000084
Event: 11305.881 Thread 0x000001d0f276ea80 Uncommon trap: reason=unstable_if action=reinterpret pc=0x000001d0c8b82184 method=org.eclipse.jdt.core.dom.TypeBinding.isRecovered()Z @ 13 c2
Event: 11305.881 Thread 0x000001d0f276ea80 DEOPT PACKING pc=0x000001d0c8b82184 sp=0x00000043b40fe7b0
Event: 11305.881 Thread 0x000001d0f276ea80 DEOPT UNPACKING pc=0x000001d0c69566a3 sp=0x00000043b40fe738 mode 2
Event: 11305.885 Thread 0x000001d0f276ea80 Uncommon trap: trap_request=0xffffff45 fr.pc=0x000001d0c8eac2a8 relative=0x00000000000041e8
Event: 11305.885 Thread 0x000001d0f276ea80 Uncommon trap: reason=unstable_if action=reinterpret pc=0x000001d0c8eac2a8 method=org.eclipse.lsp4j.jsonrpc.json.adapters.MessageTypeAdapter.write(Lcom/google/gson/stream/JsonWriter;Lorg/eclipse/lsp4j/jsonrpc/messages/Message;)V @ 191 c2
Event: 11305.885 Thread 0x000001d0f276ea80 DEOPT PACKING pc=0x000001d0c8eac2a8 sp=0x00000043b40fed10
Event: 11305.885 Thread 0x000001d0f276ea80 DEOPT UNPACKING pc=0x000001d0c69566a3 sp=0x00000043b40fecb8 mode 2
Event: 11305.885 Thread 0x000001d0f276ea80 Uncommon trap: trap_request=0xffffff45 fr.pc=0x000001d0c90fc538 relative=0x0000000000000098
Event: 11305.885 Thread 0x000001d0f276ea80 Uncommon trap: reason=unstable_if action=reinterpret pc=0x000001d0c90fc538 method=com.google.gson.stream.JsonWriter.nullValue()Lcom/google/gson/stream/JsonWriter; @ 11 c2
Event: 11305.885 Thread 0x000001d0f276ea80 DEOPT PACKING pc=0x000001d0c90fc538 sp=0x00000043b40fec40
Event: 11305.885 Thread 0x000001d0f276ea80 DEOPT UNPACKING pc=0x000001d0c69566a3 sp=0x00000043b40febe0 mode 2
Event: 11306.238 Thread 0x000001d0f276ea80 Uncommon trap: trap_request=0xffffff45 fr.pc=0x000001d0c8cfca80 relative=0x0000000000001100
Event: 11306.238 Thread 0x000001d0f276ea80 Uncommon trap: reason=unstable_if action=reinterpret pc=0x000001d0c8cfca80 method=org.eclipse.jdt.core.dom.DefaultBindingResolver.resolveMethod(Lorg/eclipse/jdt/core/dom/MethodDeclaration;)Lorg/eclipse/jdt/core/dom/IMethodBinding; @ 35 c2
Event: 11306.238 Thread 0x000001d0f276ea80 DEOPT PACKING pc=0x000001d0c8cfca80 sp=0x00000043b40fdcf0
Event: 11306.238 Thread 0x000001d0f276ea80 DEOPT UNPACKING pc=0x000001d0c69566a3 sp=0x00000043b40fdcd0 mode 2

Classes unloaded (20 events):
Event: 5385.802 Thread 0x000001d0b7a89890 Unloading class 0x0000000801c18000 'java/lang/invoke/LambdaForm$DMH+0x0000000801c18000'
Event: 5385.802 Thread 0x000001d0b7a89890 Unloading class 0x0000000801c17800 'java/lang/invoke/LambdaForm$DMH+0x0000000801c17800'
Event: 5385.802 Thread 0x000001d0b7a89890 Unloading class 0x0000000801c17000 'java/lang/invoke/LambdaForm$DMH+0x0000000801c17000'
Event: 6210.238 Thread 0x000001d0b7a89890 Unloading class 0x0000000801c16400 'jdk/internal/reflect/GeneratedSerializationConstructorAccessor106'
Event: 6210.238 Thread 0x000001d0b7a89890 Unloading class 0x0000000801c16000 'jdk/internal/reflect/GeneratedSerializationConstructorAccessor105'
Event: 6210.238 Thread 0x000001d0b7a89890 Unloading class 0x0000000801c15c00 'jdk/internal/reflect/GeneratedSerializationConstructorAccessor104'
Event: 6427.197 Thread 0x000001d0b7a89890 Unloading class 0x0000000801779000 'jdk/internal/reflect/GeneratedConstructorAccessor77'
Event: 8461.079 Thread 0x000001d0b7a89890 Unloading class 0x0000000801c19c00 'jdk/internal/reflect/GeneratedMethodAccessor82'
Event: 8461.079 Thread 0x000001d0b7a89890 Unloading class 0x0000000801c17800 'jdk/internal/reflect/GeneratedSerializationConstructorAccessor109'
Event: 8461.079 Thread 0x000001d0b7a89890 Unloading class 0x0000000801c18000 'jdk/internal/reflect/GeneratedSerializationConstructorAccessor108'
Event: 8461.079 Thread 0x000001d0b7a89890 Unloading class 0x0000000801779000 'jdk/internal/reflect/GeneratedSerializationConstructorAccessor107'
Event: 9824.697 Thread 0x000001d0b7a89890 Unloading class 0x00000008018bbc00 'jdk/internal/reflect/GeneratedConstructorAccessor68'
Event: 11142.145 Thread 0x000001d0b7a89890 Unloading class 0x0000000801c1a400 'jdk/internal/reflect/GeneratedSerializationConstructorAccessor112'
Event: 11142.145 Thread 0x000001d0b7a89890 Unloading class 0x0000000801c1a000 'jdk/internal/reflect/GeneratedSerializationConstructorAccessor111'
Event: 11142.145 Thread 0x000001d0b7a89890 Unloading class 0x0000000801779000 'jdk/internal/reflect/GeneratedSerializationConstructorAccessor110'
Event: 11321.533 Thread 0x000001d0b7a89890 Unloading class 0x0000000801c30c00 'jdk/internal/reflect/GeneratedConstructorAccessor100'
Event: 11321.533 Thread 0x000001d0b7a89890 Unloading class 0x0000000801c30800 'jdk/internal/reflect/GeneratedConstructorAccessor99'
Event: 11321.533 Thread 0x000001d0b7a89890 Unloading class 0x0000000801c1a400 'jdk/internal/reflect/GeneratedConstructorAccessor98'
Event: 11321.533 Thread 0x000001d0b7a89890 Unloading class 0x0000000801c1a000 'jdk/internal/reflect/GeneratedConstructorAccessor97'
Event: 11321.533 Thread 0x000001d0b7a89890 Unloading class 0x0000000801799000 'jdk/internal/reflect/GeneratedConstructorAccessor24'

Classes redefined (0 events):
No events

Internal exceptions (20 events):
Event: 11235.686 Thread 0x000001d0db5e4be0 Exception <a 'java/lang/ClassCastException'{0x00000000eb8eb2b8}> (0x00000000eb8eb2b8) 
thrown [s\src\hotspot\share\runtime\sharedRuntime.cpp, line 628]
Event: 11235.686 Thread 0x000001d0db5e4be0 Exception <a 'java/lang/ClassCastException'{0x00000000eb8eb9c8}> (0x00000000eb8eb9c8) 
thrown [s\src\hotspot\share\runtime\sharedRuntime.cpp, line 628]
Event: 11251.138 Thread 0x000001d0f276ea80 Exception <a 'java/lang/ClassNotFoundException'{0x00000000eb7c0de8}: sun/net/www/protocol/jdt/Handler> (0x00000000eb7c0de8) 
thrown [s\src\hotspot\share\classfile\systemDictionary.cpp, line 256]
Event: 11253.648 Thread 0x000001d0f276ea80 Exception <a 'java/lang/ClassNotFoundException'{0x00000000ead5e2f0}: sun/net/www/protocol/jdt/Handler> (0x00000000ead5e2f0) 
thrown [s\src\hotspot\share\classfile\systemDictionary.cpp, line 256]
Event: 11253.648 Thread 0x000001d0f276ea80 Exception <a 'java/lang/ClassNotFoundException'{0x00000000ead609a0}: sun/net/www/protocol/jdt/Handler> (0x00000000ead609a0) 
thrown [s\src\hotspot\share\classfile\systemDictionary.cpp, line 256]
Event: 11253.648 Thread 0x000001d0f276ea80 Exception <a 'java/lang/ClassNotFoundException'{0x00000000ead63900}: sun/net/www/protocol/jdt/Handler> (0x00000000ead63900) 
thrown [s\src\hotspot\share\classfile\systemDictionary.cpp, line 256]
Event: 11255.120 Thread 0x000001d0f276ea80 Exception <a 'java/lang/ClassNotFoundException'{0x00000000eb68cd88}: sun/net/www/protocol/jdt/Handler> (0x00000000eb68cd88) 
thrown [s\src\hotspot\share\classfile\systemDictionary.cpp, line 256]
Event: 11255.120 Thread 0x000001d0f276ea80 Exception <a 'java/lang/ClassNotFoundException'{0x00000000eb68f438}: sun/net/www/protocol/jdt/Handler> (0x00000000eb68f438) 
thrown [s\src\hotspot\share\classfile\systemDictionary.cpp, line 256]
Event: 11255.120 Thread 0x000001d0f276ea80 Exception <a 'java/lang/ClassNotFoundException'{0x00000000eb692398}: sun/net/www/protocol/jdt/Handler> (0x00000000eb692398) 
thrown [s\src\hotspot\share\classfile\systemDictionary.cpp, line 256]
Event: 11305.885 Thread 0x000001d0f276ea80 Implicit null exception at 0x000001d0c8ea8b46 to 0x000001d0c8eac290
Event: 11306.238 Thread 0x000001d0f276ea80 Implicit null exception at 0x000001d0c8cfbc27 to 0x000001d0c8cfca68
Event: 11309.237 Thread 0x000001d0d9d200a0 Exception <a 'sun/nio/fs/WindowsException'{0x00000000eb3632f0}> (0x00000000eb3632f0) 
thrown [s\src\hotspot\share\prims\jni.cpp, line 516]
Event: 11309.322 Thread 0x000001d0d9d200a0 Exception <a 'sun/nio/fs/WindowsException'{0x00000000eacbada0}> (0x00000000eacbada0) 
thrown [s\src\hotspot\share\prims\jni.cpp, line 516]
Event: 11310.313 Thread 0x000001d0db5e4be0 Exception <a 'java/lang/ClassCastException'{0x00000000eb7c8530}> (0x00000000eb7c8530) 
thrown [s\src\hotspot\share\runtime\sharedRuntime.cpp, line 628]
Event: 11310.313 Thread 0x000001d0db5e4be0 Exception <a 'java/lang/ClassCastException'{0x00000000eb7c8c40}> (0x00000000eb7c8c40) 
thrown [s\src\hotspot\share\runtime\sharedRuntime.cpp, line 628]
Event: 11310.313 Thread 0x000001d0db5e4be0 Exception <a 'java/lang/ClassCastException'{0x00000000eb7c9350}> (0x00000000eb7c9350) 
thrown [s\src\hotspot\share\runtime\sharedRuntime.cpp, line 628]
Event: 11310.313 Thread 0x000001d0db5e4be0 Exception <a 'java/lang/ClassCastException'{0x00000000eb7de0f8}> (0x00000000eb7de0f8) 
thrown [s\src\hotspot\share\runtime\sharedRuntime.cpp, line 628]
Event: 11310.320 Thread 0x000001d0dbfc3650 Exception <a 'java/lang/ClassNotFoundException'{0x00000000eab003d8}: sun/net/www/protocol/jdt/Handler> (0x00000000eab003d8) 
thrown [s\src\hotspot\share\classfile\systemDictionary.cpp, line 256]
Event: 11310.320 Thread 0x000001d0dbfc3650 Exception <a 'java/lang/ClassNotFoundException'{0x00000000eab02a88}: sun/net/www/protocol/jdt/Handler> (0x00000000eab02a88) 
thrown [s\src\hotspot\share\classfile\systemDictionary.cpp, line 256]
Event: 11310.320 Thread 0x000001d0dbfc3650 Exception <a 'java/lang/ClassNotFoundException'{0x00000000eab059e8}: sun/net/www/protocol/jdt/Handler> (0x00000000eab059e8) 
thrown [s\src\hotspot\share\classfile\systemDictionary.cpp, line 256]

VM Operations (20 events):
Event: 11353.501 Executing VM operation: ParallelGCFailedAllocation done
Event: 11353.501 Executing VM operation: ParallelGCFailedAllocation
Event: 11353.598 Executing VM operation: ParallelGCFailedAllocation done
Event: 11353.598 Executing VM operation: ParallelGCFailedAllocation
Event: 11353.694 Executing VM operation: ParallelGCFailedAllocation done
Event: 11353.694 Executing VM operation: ParallelGCFailedAllocation
Event: 11353.794 Executing VM operation: ParallelGCFailedAllocation done
Event: 11353.794 Executing VM operation: ParallelGCFailedAllocation
Event: 11353.897 Executing VM operation: ParallelGCFailedAllocation done
Event: 11353.897 Executing VM operation: ParallelGCFailedAllocation
Event: 11353.994 Executing VM operation: ParallelGCFailedAllocation done
Event: 11353.994 Executing VM operation: ParallelGCFailedAllocation
Event: 11354.095 Executing VM operation: ParallelGCFailedAllocation done
Event: 11354.095 Executing VM operation: ParallelGCFailedAllocation
Event: 11354.198 Executing VM operation: ParallelGCFailedAllocation done
Event: 11354.198 Executing VM operation: ParallelGCFailedAllocation
Event: 11354.300 Executing VM operation: ParallelGCFailedAllocation done
Event: 11354.300 Executing VM operation: ParallelGCFailedAllocation
Event: 11354.400 Executing VM operation: ParallelGCFailedAllocation done
Event: 11354.400 Executing VM operation: ParallelGCFailedAllocation

Events (20 events):
Event: 11309.606 Thread 0x000001d0d1e66e40 flushing nmethod 0x000001d0c086f390
Event: 11309.606 Thread 0x000001d0d1e66e40 flushing nmethod 0x000001d0c08a1a90
Event: 11309.607 Thread 0x000001d0d1e66e40 flushing nmethod 0x000001d0c0a92110
Event: 11309.607 Thread 0x000001d0d1e66e40 flushing nmethod 0x000001d0c0b44b90
Event: 11309.607 Thread 0x000001d0d1e66e40 flushing nmethod 0x000001d0c0bc8f10
Event: 11309.607 Thread 0x000001d0d1e66e40 flushing nmethod 0x000001d0c0cf6e90
Event: 11309.607 Thread 0x000001d0d1e66e40 flushing nmethod 0x000001d0c0cf8510
Event: 11309.609 Thread 0x000001d0d1e66e40 flushing nmethod 0x000001d0c1328b90
Event: 11309.609 Thread 0x000001d0d1e66e40 flushing nmethod 0x000001d0c134be90
Event: 11309.609 Thread 0x000001d0d1e66e40 flushing nmethod 0x000001d0c134ce10
Event: 11309.609 Thread 0x000001d0d1e66e40 flushing nmethod 0x000001d0c13b6e10
Event: 11309.609 Thread 0x000001d0d1e66e40 flushing nmethod 0x000001d0c13f4410
Event: 11309.609 Thread 0x000001d0d1e66e40 flushing nmethod 0x000001d0c153a310
Event: 11309.610 Thread 0x000001d0d1e66e40 flushing nmethod 0x000001d0c16bac10
Event: 11309.611 Thread 0x000001d0d1e66e40 flushing nmethod 0x000001d0c1a14e10
Event: 11309.611 Thread 0x000001d0d1e66e40 flushing nmethod 0x000001d0c1a16a10
Event: 11309.612 Thread 0x000001d0d1e66e40 flushing nmethod 0x000001d0c208bc90
Event: 11309.613 Thread 0x000001d0d1e66e40 flushing nmethod 0x000001d0c21a6510
Event: 11312.225 Thread 0x000001d0db5e68c0 Thread added: 0x000001d0db5e68c0
Event: 11353.297 Thread 0x000001d0ec1133d0 Thread exited: 0x000001d0ec1133d0


Dynamic libraries:
0x00007ff7058d0000 - 0x00007ff7058de000 	C:\Program Files\Eclipse Adoptium\jdk-17.0.7.7-hotspot\bin\java.exe
0x00007ffa141d0000 - 0x00007ffa143e4000 	C:\Windows\SYSTEM32\ntdll.dll
0x00007ffa13450000 - 0x00007ffa13512000 	C:\Windows\System32\KERNEL32.DLL
0x00007ffa11810000 - 0x00007ffa11bb3000 	C:\Windows\System32\KERNELBASE.dll
0x00007ffa116f0000 - 0x00007ffa11801000 	C:\Windows\System32\ucrtbase.dll
0x00007ffa09d20000 - 0x00007ffa09d37000 	C:\Program Files\Eclipse Adoptium\jdk-17.0.7.7-hotspot\bin\jli.dll
0x00007ffa08940000 - 0x00007ffa08959000 	C:\Program Files\Eclipse Adoptium\jdk-17.0.7.7-hotspot\bin\VCRUNTIME140.dll
0x00007ffa13fd0000 - 0x00007ffa1417a000 	C:\Windows\System32\USER32.dll
0x00007ffa11e10000 - 0x00007ffa11e36000 	C:\Windows\System32\win32u.dll
0x00007ffa13bb0000 - 0x00007ffa13bd9000 	C:\Windows\System32\GDI32.dll
0x00007ffa11bc0000 - 0x00007ffa11cd9000 	C:\Windows\System32\gdi32full.dll
0x00007ffa11650000 - 0x00007ffa116ea000 	C:\Windows\System32\msvcp_win.dll
0x00007ff9f6730000 - 0x00007ff9f69be000 	C:\Windows\WinSxS\amd64_microsoft.windows.common-controls_6595b64144ccf1df_6.0.22621.1635_none_270f70857386168e\COMCTL32.dll
0x00007ffa13d10000 - 0x00007ffa13db7000 	C:\Windows\System32\msvcrt.dll
0x00007ffa120f0000 - 0x00007ffa12121000 	C:\Windows\System32\IMM32.DLL
0x00007ffa088d0000 - 0x00007ffa088dc000 	C:\Program Files\Eclipse Adoptium\jdk-17.0.7.7-hotspot\bin\vcruntime140_1.dll
0x00007ff9f83f0000 - 0x00007ff9f8481000 	C:\Program Files\Eclipse Adoptium\jdk-17.0.7.7-hotspot\bin\msvcp140.dll
0x00007ff9a4b30000 - 0x00007ff9a5778000 	C:\Program Files\Eclipse Adoptium\jdk-17.0.7.7-hotspot\bin\server\jvm.dll
0x00007ffa133a0000 - 0x00007ffa1344e000 	C:\Windows\System32\ADVAPI32.dll
0x00007ffa13610000 - 0x00007ffa136b4000 	C:\Windows\System32\sechost.dll
0x00007ffa13280000 - 0x00007ffa13397000 	C:\Windows\System32\RPCRT4.dll
0x00007ffa058c0000 - 0x00007ffa058f4000 	C:\Windows\SYSTEM32\WINMM.dll
0x00007ffa088c0000 - 0x00007ffa088c9000 	C:\Windows\SYSTEM32\WSOCK32.dll
0x00007ffa08f50000 - 0x00007ffa08f5a000 	C:\Windows\SYSTEM32\VERSION.dll
0x00007ffa12ec0000 - 0x00007ffa12f31000 	C:\Windows\System32\WS2_32.dll
0x00007ffa105b0000 - 0x00007ffa105c8000 	C:\Windows\SYSTEM32\kernel.appcore.dll
0x00007ffa08810000 - 0x00007ffa0881a000 	C:\Program Files\Eclipse Adoptium\jdk-17.0.7.7-hotspot\bin\jimage.dll
0x00007ffa0ec60000 - 0x00007ffa0ee8e000 	C:\Windows\SYSTEM32\DBGHELP.DLL
0x00007ffa12290000 - 0x00007ffa12619000 	C:\Windows\System32\combase.dll
0x00007ffa13530000 - 0x00007ffa13607000 	C:\Windows\System32\OLEAUT32.dll
0x00007ffa071a0000 - 0x00007ffa071d2000 	C:\Windows\SYSTEM32\dbgcore.DLL
0x00007ffa115d0000 - 0x00007ffa1164a000 	C:\Windows\System32\bcryptPrimitives.dll
0x00007ff9f4c10000 - 0x00007ff9f4c1e000 	C:\Program Files\Eclipse Adoptium\jdk-17.0.7.7-hotspot\bin\instrument.dll
0x00007ff9f83c0000 - 0x00007ff9f83e5000 	C:\Program Files\Eclipse Adoptium\jdk-17.0.7.7-hotspot\bin\java.dll
0x00007ff9f82e0000 - 0x00007ff9f83b6000 	C:\Program Files\Eclipse Adoptium\jdk-17.0.7.7-hotspot\bin\jsvml.dll
0x00007ffa126c0000 - 0x00007ffa12eb9000 	C:\Windows\System32\SHELL32.dll
0x00007ffa0f520000 - 0x00007ffa0fdee000 	C:\Windows\SYSTEM32\windows.storage.dll
0x00007ffa0f3e0000 - 0x00007ffa0f51e000 	C:\Windows\SYSTEM32\wintypes.dll
0x00007ffa12f40000 - 0x00007ffa13031000 	C:\Windows\System32\SHCORE.dll
0x00007ffa12230000 - 0x00007ffa1228e000 	C:\Windows\System32\shlwapi.dll
0x00007ffa11500000 - 0x00007ffa11526000 	C:\Windows\SYSTEM32\profapi.dll
0x00007ff9f82c0000 - 0x00007ff9f82d8000 	C:\Program Files\Eclipse Adoptium\jdk-17.0.7.7-hotspot\bin\zip.dll
0x00007ffa06230000 - 0x00007ffa06249000 	C:\Program Files\Eclipse Adoptium\jdk-17.0.7.7-hotspot\bin\net.dll
0x00007ffa0ad10000 - 0x00007ffa0ae47000 	C:\Windows\SYSTEM32\WINHTTP.dll
0x00007ffa10a20000 - 0x00007ffa10a89000 	C:\Windows\system32\mswsock.dll
0x00007ff9f8960000 - 0x00007ff9f8975000 	C:\Program Files\Eclipse Adoptium\jdk-17.0.7.7-hotspot\bin\nio.dll
0x00007ff9f82b0000 - 0x00007ff9f82c0000 	C:\Program Files\Eclipse Adoptium\jdk-17.0.7.7-hotspot\bin\verify.dll
0x00007ff9d2b60000 - 0x00007ff9d2b9e000 	C:\Users\chaws\AppData\Roaming\Code\User\globalStorage\redhat.java\1.20.0\config_win\org.eclipse.equinox.launcher\org.eclipse.equinox.launcher.win32.win32.x86_64_1.2.700.v20221108-1024\eclipse_11801.dll
0x00007ffa130e0000 - 0x00007ffa1327c000 	C:\Windows\System32\ole32.dll
0x00007ffa10d30000 - 0x00007ffa10d4b000 	C:\Windows\SYSTEM32\CRYPTSP.dll
0x00007ffa10520000 - 0x00007ffa10555000 	C:\Windows\system32\rsaenh.dll
0x00007ffa10ac0000 - 0x00007ffa10aec000 	C:\Windows\SYSTEM32\USERENV.dll
0x00007ffa10e90000 - 0x00007ffa10eb8000 	C:\Windows\SYSTEM32\bcrypt.dll
0x00007ffa10c20000 - 0x00007ffa10c2c000 	C:\Windows\SYSTEM32\CRYPTBASE.dll
0x00007ffa10090000 - 0x00007ffa100bd000 	C:\Windows\SYSTEM32\IPHLPAPI.DLL
0x00007ffa13520000 - 0x00007ffa13529000 	C:\Windows\System32\NSI.dll
0x00007ffa0ae80000 - 0x00007ffa0ae99000 	C:\Windows\SYSTEM32\dhcpcsvc6.DLL
0x00007ffa0ab00000 - 0x00007ffa0ab1f000 	C:\Windows\SYSTEM32\dhcpcsvc.DLL
0x00007ffa100c0000 - 0x00007ffa101b3000 	C:\Windows\SYSTEM32\DNSAPI.dll
0x00007ff9d1b10000 - 0x00007ff9d1b55000 	C:\Users\chaws\AppData\Local\Temp\jna-94623864\jna13831709128177953696.dll
0x00007ffa13b40000 - 0x00007ffa13b48000 	C:\Windows\System32\PSAPI.DLL
0x00007ff9f4bc0000 - 0x00007ff9f4bc9000 	C:\Program Files\Eclipse Adoptium\jdk-17.0.7.7-hotspot\bin\management.dll
0x00007ff9f45d0000 - 0x00007ff9f45db000 	C:\Program Files\Eclipse Adoptium\jdk-17.0.7.7-hotspot\bin\management_ext.dll
0x00007ff9d3050000 - 0x00007ff9d3077000 	C:\Users\chaws\.gradle\native\68d5fa5c4cc2d200863cafc0d521ce42e7d3e7ee720ec0a83991735586a16f82\windows-amd64\native-platform.dll
0x00007ff9f4480000 - 0x00007ff9f448e000 	C:\Program Files\Eclipse Adoptium\jdk-17.0.7.7-hotspot\bin\sunmscapi.dll
0x00007ffa11e40000 - 0x00007ffa11fa7000 	C:\Windows\System32\CRYPT32.dll
0x00007ffa10e60000 - 0x00007ffa10e8e000 	C:\Windows\SYSTEM32\ncrypt.dll
0x00007ffa10e20000 - 0x00007ffa10e57000 	C:\Windows\SYSTEM32\NTASN1.dll
0x00007ff9f28a0000 - 0x00007ff9f28a8000 	C:\Windows\system32\wshunix.dll
0x00007ffa07f00000 - 0x00007ffa07f0a000 	C:\Windows\System32\rasadhlp.dll
0x00007ffa09c90000 - 0x00007ffa09d14000 	C:\Windows\System32\fwpuclnt.dll

dbghelp: loaded successfully - version: 4.0.5 - missing functions: none
symbol engine: initialized successfully - sym options: 0x614 - pdb path: .;C:\Program Files\Eclipse Adoptium\jdk-17.0.7.7-hotspot\bin;C:\Windows\SYSTEM32;C:\Windows\WinSxS\amd64_microsoft.windows.common-controls_6595b64144ccf1df_6.0.22621.1635_none_270f70857386168e;C:\Program Files\Eclipse Adoptium\jdk-17.0.7.7-hotspot\bin\server;C:\Users\chaws\AppData\Roaming\Code\User\globalStorage\redhat.java\1.20.0\config_win\org.eclipse.equinox.launcher\org.eclipse.equinox.launcher.win32.win32.x86_64_1.2.700.v20221108-1024;C:\Users\chaws\AppData\Local\Temp\jna-94623864;C:\Users\chaws\.gradle\native\68d5fa5c4cc2d200863cafc0d521ce42e7d3e7ee720ec0a83991735586a16f82\windows-amd64

VM Arguments:
jvm_args: --add-modules=ALL-SYSTEM --add-opens=java.base/java.util=ALL-UNNAMED --add-opens=java.base/java.lang=ALL-UNNAMED --add-opens=java.base/sun.nio.fs=ALL-UNNAMED -Declipse.application=org.eclipse.jdt.ls.core.id1 -Dosgi.bundles.defaultStartLevel=4 -Declipse.product=org.eclipse.jdt.ls.core.product -Djava.import.generatesMetadataFilesAtProjectRoot=false -Dfile.encoding=utf8 -XX:+UseParallelGC -XX:GCTimeRatio=4 -XX:AdaptiveSizePolicyWeight=90 -Dsun.zip.disableMemoryMapping=true -Xmx1G -Xms100m -Xlog:disable -javaagent:c:\Users\chaws\.vscode\extensions\redhat.java-1.20.0-win32-x64\lombok\lombok-1.18.28.jar -XX:+HeapDumpOnOutOfMemoryError -XX:HeapDumpPath=c:\Users\chaws\AppData\Roaming\Code\User\workspaceStorage\73c6d07d43c7783e0edb1a5cb83dd4db\redhat.java -Daether.dependencyCollector.impl=bf 
java_command: c:\Users\chaws\.vscode\extensions\redhat.java-1.20.0-win32-x64\server\plugins\org.eclipse.equinox.launcher_1.6.500.v20230622-2056.jar -configuration c:\Users\chaws\AppData\Roaming\Code\User\globalStorage\redhat.java\1.20.0\config_win -data c:\Users\chaws\AppData\Roaming\Code\User\workspaceStorage\73c6d07d43c7783e0edb1a5cb83dd4db\redhat.java\jdt_ws
java_class_path (initial): c:\Users\chaws\.vscode\extensions\redhat.java-1.20.0-win32-x64\server\plugins\org.eclipse.equinox.launcher_1.6.500.v20230622-2056.jar
Launcher Type: SUN_STANDARD

[Global flags]
    uintx AdaptiveSizePolicyWeight                 = 90                                        {product} {command line}
     intx CICompilerCount                          = 12                                        {product} {ergonomic}
    uintx GCTimeRatio                              = 4                                         {product} {command line}
     bool HeapDumpOnOutOfMemoryError               = true                                   {manageable} {command line}
    ccstr HeapDumpPath                             = c:\Users\chaws\AppData\Roaming\Code\User\workspaceStorage\73c6d07d43c7783e0edb1a5cb83dd4db\redhat.java         {manageable} {command line}
   size_t InitialHeapSize                          = 104857600                                 {product} {command line}
   size_t MaxHeapSize                              = 1073741824                                {product} {command line}
   size_t MaxNewSize                               = 357564416                                 {product} {ergonomic}
   size_t MinHeapDeltaBytes                        = 524288                                    {product} {ergonomic}
   size_t MinHeapSize                              = 104857600                                 {product} {command line}
   size_t NewSize                                  = 34603008                                  {product} {ergonomic}
    uintx NonNMethodCodeHeapSize                   = 7602480                                {pd product} {ergonomic}
    uintx NonProfiledCodeHeapSize                  = 122027880                              {pd product} {ergonomic}
   size_t OldSize                                  = 70254592                                  {product} {ergonomic}
    uintx ProfiledCodeHeapSize                     = 122027880                              {pd product} {ergonomic}
    uintx ReservedCodeCacheSize                    = 251658240                              {pd product} {ergonomic}
     bool SegmentedCodeCache                       = true                                      {product} {ergonomic}
   size_t SoftMaxHeapSize                          = 1073741824                             {manageable} {ergonomic}
     bool UseCompressedClassPointers               = true                           {product lp64_product} {ergonomic}
     bool UseCompressedOops                        = true                           {product lp64_product} {ergonomic}
     bool UseLargePagesIndividualAllocation        = false                                  {pd product} {ergonomic}
     bool UseParallelGC                            = true                                      {product} {command line}

Logging:
Log output configuration:
 #0: stdout all=off uptime,level,tags
 #1: stderr all=off uptime,level,tags

Environment Variables:
JAVA_HOME=C:\Program Files\Eclipse Adoptium\jdk-17.0.7.7-hotspot\
PATH=C:\Program Files\Eclipse Adoptium\jdk-17.0.7.7-hotspot\bin;C:\Program Files\Oculus\Support\oculus-runtime;C:\Program Files (x86)\Microsoft SDKs\Azure\CLI2\wbin;C:\Program Files\OpenSSH\;C:\Program Files\Common Files\Oracle\Java\javapath;C:\Program Files (x86)\Microsoft SDKs\Azdata\CLI\wbin;C:\Program Files (x86)\Zulu\zulu-17-jre\bin\;C:\Program Files\Microsoft\jdk-11.0.19.7-hotspot\bin;C:\Windows\system32;C:\Windows;C:\Windows\System32\Wbem;C:\Windows\System32\WindowsPowerShell\v1.0\;C:\Windows\System32\OpenSSH\;C:\ProgramData\chocolatey\bin;C:\Users\chaws\AppData\Roaming\nvm;C:\Program Files\nodejs;C:\Program Files\Git\cmd;C:\Program Files\NVIDIA Corporation\NVIDIA NvDLISR;C:\Program Files\dotnet\;C:\Program Files (x86)\Microsoft SQL Server\160\DTS\Binn\;C:\Program Files\Azure Data Studio\bin;C:\Program Files (x86)\NVIDIA Corporation\PhysX\Common;C:\Program Files\Docker\Docker\resources\bin;C:\Program Files\Microsoft SQL Server\Client SDK\ODBC\170\Tools\Binn\;C:\Program Files\Microsoft SQL Server\150\Tools\Binn\;C:\Program Files\Microsoft\Azure Functions Core Tools\;C:\Program Files\Git LFS;C:\Program Files\GitHub CLI\;C:\Program Files\PowerShell\7-preview\preview;C:\Program Files\Rust stable GNU 1.71\bin;C:\Program Files\PowerShell\7\;C:\Users\chaws\AppData\Local\pnpm;C:\Users\chaws\AppData\Local\Microsoft\WindowsApps;C:\Users\chaws\AppData\Local\Programs\Microsoft VS Code\bin;C:\Users\chaws\AppData\Roaming\nvm;C:\Program Files\nodejs;C:\Users\chaws\AppData\Local\gitkraken\bin;C:\Users\chaws\AppData\Local\GitHubDesktop\bin;C:\Users\chaws\AppData\Local\Programs\oh-my-posh\bin;C:\Users\chaws\.dotnet\tools;C:\Program Files\Azure Data Studio\bin;C:\Users\chaws\AppData\Local\Programs\Azure Data Studio - Insiders\bin;C:\Users\chaws\AppData\Local\Microsoft\WinGet\Links;C:\Users\chaws\AppData\Local\Programs\Azure Dev CLI\;C:\Users\chaws\AppData\Local\Programs\Bicep CLI;C:\Program Files\aztfexport\;
USERNAME=chaws
OS=Windows_NT
PROCESSOR_IDENTIFIER=Intel64 Family 6 Model 151 Stepping 2, GenuineIntel
TMP=C:\Users\chaws\AppData\Local\Temp
TEMP=C:\Users\chaws\AppData\Local\Temp



---------------  S Y S T E M  ---------------

OS:
 Windows 11 , 64 bit Build 22621 (10.0.22621.1928)
OS uptime: 0 days 6:44 hours
Hyper-V role detected

CPU: total 24 (initial active 24) (12 cores per cpu, 2 threads per core) family 6 model 151 stepping 2 microcode 0x25, cx8, cmov, fxsr, ht, mmx, 3dnowpref, sse, sse2, sse3, ssse3, sse4.1, sse4.2, popcnt, lzcnt, tsc, tscinvbit, avx, avx2, aes, erms, clmul, bmi1, bmi2, adx, sha, fma, vzeroupper, clflush, clflushopt, clwb, hv

Memory: 4k page, system-wide physical 65277M (44581M free)
TotalPageFile size 69373M (AvailPageFile size 42138M)
current process WorkingSet (physical memory assigned to process): 1292M, peak: 1292M
current process commit charge ("private bytes"): 1202M, peak: 1228M

vm_info: OpenJDK 64-Bit Server VM (17.0.7+7) for windows-amd64 JRE (17.0.7+7), built on Apr 18 2023 22:10:42 by "temurin" with MS VC++ 16.7 (VS2019)

END.
